<?xml version="1.0" encoding="UTF-8"?>
<!-- Generated by org.testng.reporters.JUnitXMLReporter -->
<testsuite ignored="0" hostname="HP-PAVILLION" failures="0" tests="3" name="Regresion_Test" time="23.8" errors="0" timestamp="2021-03-18T17:16:59 IST">
  <testcase classname="Tests.TS_HolidayHomesInvalid" name="TC_Negative1" time="12.082"/>
  <testcase classname="Tests.TS_HolidayHomesInvalid" name="TC_Negative2" time="6.165"/>
  <testcase classname="Tests.TS_HolidayHomesInvalid" name="TC_Negative3" time="5.549"/>
</testsuite> <!-- Regresion_Test -->
