<?xml version="1.0" encoding="UTF-8"?>
<!-- Generated by org.testng.reporters.JUnitXMLReporter -->
<testsuite hostname="ARAVIND" ignored="2" name="Smoke_Test" tests="17" failures="0" timestamp="2021-03-25T11:16:56 IST" time="130.913" errors="0">
  <testcase name="TC_EnterCity" time="16.89" classname="Tests.Test_HolidayHome_Functionality"/>
  <testcase name="TC_VerifyCity" time="0.075" classname="Tests.Test_HolidayHome_Functionality"/>
  <testcase name="TC_SelectCity" time="5.798" classname="Tests.Test_HolidayHome_Functionality"/>
  <testcase name="TC_ClickHolidayHomes" time="27.907" classname="Tests.Test_HolidayHome_Functionality"/>
  <testcase name="TC_InDate" time="3.977" classname="Tests.Test_HolidayHome_Functionality"/>
  <testcase name="TC_SelectCheckIn" time="7.102" classname="Tests.Test_HolidayHome_Functionality"/>
  <testcase name="TC_SelectCheckOut" time="2.054" classname="Tests.Test_HolidayHome_Functionality"/>
  <testcase name="TC_GuestOption" time="2.81" classname="Tests.Test_HolidayHome_Functionality"/>
  <testcase name="TC_ClickApply" time="2.539" classname="Tests.Test_HolidayHome_Functionality"/>
  <testcase name="TC_TravellerRating" time="12.982" classname="Tests.Test_HolidayHome_Functionality"/>
  <testcase name="TC_Elevator" time="5.256" classname="Tests.Test_HolidayHome_Functionality"/>
  <testcase name="TC_PrintOutput" time="19.062" classname="Tests.Test_HolidayHome_Functionality"/>
  <testcase name="TC_ClickCruise" time="9.396" classname="Tests.Test_Cruise_Functionality"/>
  <testcase name="TC_CruiseType" time="3.609" classname="Tests.Test_Cruise_Functionality"/>
  <testcase name="TC_SelectCruiseVar" time="3.141" classname="Tests.Test_Cruise_Functionality"/>
  <testcase name="TC_ClickSub" time="1.341" classname="Tests.Test_Cruise_Functionality"/>
  <testcase name="TC_GetDetails" time="6.761" classname="Tests.Test_Cruise_Functionality"/>
  <testcase name="@BeforeSuite startTest" time="0.0" classname="Tests.Parent_Class">
    <ignored/>
  </testcase> <!-- @BeforeSuite startTest -->
  <testcase name="@AfterSuite exitBrowser" time="0.0" classname="Tests.Parent_Class">
    <ignored/>
  </testcase> <!-- @AfterSuite exitBrowser -->
</testsuite> <!-- Smoke_Test -->
