<?xml version="1.0" encoding="UTF-8"?>
<testsuite xmlns:xsi="http://www.w3.org/2001/XMLSchema-instance" xsi:schemaLocation="https://maven.apache.org/surefire/maven-surefire-plugin/xsd/surefire-test-report.xsd" name="TestSuite" time="110.507" tests="20" errors="0" skipped="0" failures="1">
  <properties>
[...]
</properties>
  <testcase name="TC_EnterCity" classname="Tests.TS_HolidayHome" time="17.2"/>
  <testcase name="TC_VerifyCity" classname="Tests.TS_HolidayHome" time="0.038"/>
  <testcase name="TC_SelectCity" classname="Tests.TS_HolidayHome" time="2.721"/>
  <testcase name="TC_ClickHolidayHomes" classname="Tests.TS_HolidayHome" time="16.063"/>
  <testcase name="TC_InDate" classname="Tests.TS_HolidayHome" time="2.129"/>
  <testcase name="TC_SelectCheckIn" classname="Tests.TS_HolidayHome" time="1.864"/>
  <testcase name="TC_SelectCheckOut" classname="Tests.TS_HolidayHome" time="1.809"/>
  <testcase name="TC_GuestOption" classname="Tests.TS_HolidayHome" time="0.237"/>
  <testcase name="TC_ClickApply" classname="Tests.TS_HolidayHome" time="1.473"/>
  <testcase name="TC_TravellerRating" classname="Tests.TS_HolidayHome" time="3.146">
    <failure message="element click intercepted: Element &lt;div class=&quot;ollHTlS0&quot;&gt;...&lt;/div&gt; is not clickable at point (1272, 349). Other element would receive the click: &lt;div class=&quot;_3Sb-DGhT undefined&quot;&gt;...&lt;/div&gt;&#10;  (Session info: chrome=89.0.4389.90)&#10;Build info: version: &apos;3.141.59&apos;, revision: &apos;e82be7d358&apos;, time: &apos;2018-11-14T08:17:03&apos;&#10;System info: host: &apos;HP-PAVILLION&apos;, ip: &apos;192.168.43.110&apos;, os.name: &apos;Windows 10&apos;, os.arch: &apos;amd64&apos;, os.version: &apos;10.0&apos;, java.version: &apos;15.0.1&apos;&#10;Driver info: org.openqa.selenium.chrome.ChromeDriver&#10;Capabilities {acceptInsecureCerts: false, browserName: chrome, browserVersion: 89.0.4389.90, chrome: {chromedriverVersion: 89.0.4389.23 (61b08ee2c5002..., userDataDir: C:\Users\HP\AppData\Local\T...}, goog:chromeOptions: {debuggerAddress: localhost:59150}, javascriptEnabled: true, networkConnectionEnabled: false, pageLoadStrategy: normal, platform: WINDOWS, platformName: WINDOWS, proxy: Proxy(), setWindowRect: true, strictFileInteractability: false, timeouts: {implicit: 0, pageLoad: 300000, script: 30000}, unhandledPromptBehavior: dismiss and notify, webauthn:extension:largeBlob: true, webauthn:virtualAuthenticators: true}&#10;Session ID: 3094db5b3dee7ce88945784259afd104" type="org.openqa.selenium.ElementClickInterceptedException"><![CDATA[org.openqa.selenium.ElementClickInterceptedException: 
element click intercepted: Element <div class="ollHTlS0">...</div> is not clickable at point (1272, 349). Other element would receive the click: <div class="_3Sb-DGhT undefined">...</div>
  (Session info: chrome=89.0.4389.90)
Build info: version: '3.141.59', revision: 'e82be7d358', time: '2018-11-14T08:17:03'
System info: host: 'HP-PAVILLION', ip: '192.168.43.110', os.name: 'Windows 10', os.arch: 'amd64', os.version: '10.0', java.version: '15.0.1'
Driver info: org.openqa.selenium.chrome.ChromeDriver
Capabilities {acceptInsecureCerts: false, browserName: chrome, browserVersion: 89.0.4389.90, chrome: {chromedriverVersion: 89.0.4389.23 (61b08ee2c5002..., userDataDir: C:\Users\HP\AppData\Local\T...}, goog:chromeOptions: {debuggerAddress: localhost:59150}, javascriptEnabled: true, networkConnectionEnabled: false, pageLoadStrategy: normal, platform: WINDOWS, platformName: WINDOWS, proxy: Proxy(), setWindowRect: true, strictFileInteractability: false, timeouts: {implicit: 0, pageLoad: 300000, script: 30000}, unhandledPromptBehavior: dismiss and notify, webauthn:extension:largeBlob: true, webauthn:virtualAuthenticators: true}
Session ID: 3094db5b3dee7ce88945784259afd104
	at Tests.TS_HolidayHome.TC_TravellerRating(TS_HolidayHome.java:74)
]]></failure>
  </testcase>
  <testcase name="TC_Elevator" classname="Tests.TS_HolidayHome" time="1.664"/>
  <testcase name="TC_PrintOutput" classname="Tests.TS_HolidayHome" time="0.441"/>
  <testcase name="TC_ClickCruise" classname="Tests.TS_Cruise" time="8.257"/>
  <testcase name="TC_CruiseType" classname="Tests.TS_Cruise" time="2.763"/>
  <testcase name="TC_SelectCruiseVar" classname="Tests.TS_Cruise" time="2.739"/>
  <testcase name="TC_ClickSub" classname="Tests.TS_Cruise" time="0.615"/>
  <testcase name="TC_GetDetails" classname="Tests.TS_Cruise" time="3.96"/>
  <testcase name="TC_Negative1" classname="Tests.TS_HolidayHomesInvalid" time="12.082"/>
  <testcase name="TC_Negative2" classname="Tests.TS_HolidayHomesInvalid" time="6.166"/>
  <testcase name="TC_Negative3" classname="Tests.TS_HolidayHomesInvalid" time="5.55"/>
</testsuite>