<?xml version="1.0" encoding="UTF-8"?>
<!-- Generated by org.testng.reporters.JUnitXMLReporter -->
<testsuite hostname="ARAVIND" ignored="0" name="Regresion_Test" tests="3" failures="0" timestamp="2021-03-25T11:13:22 IST" time="30.065" errors="0">
  <testcase name="TC_Negative1" time="17.674" classname="Tests.Test_InvalidHolidayHomes_Functionality"/>
  <testcase name="TC_Negative2" time="6.879" classname="Tests.Test_InvalidHolidayHomes_Functionality"/>
  <testcase name="TC_Negative3" time="5.498" classname="Tests.Test_InvalidHolidayHomes_Functionality"/>
</testsuite> <!-- Regresion_Test -->
